Build started 23/04/2014 15:26:52.
     1>Project "V:\TankedCurrent\pauls-tanked\Voxworld\Voxworld.vcxproj" on node 2 (Build target(s)).
     1>ClCompile:
         c:\Program Files (x86)\Microsoft Visual Studio 10.0\VC\bin\CL.exe /c /I"V:\TankedCurrent\pauls-tanked\\VC\SDL2 plugins\include" /I"V:\TankedCurrent\pauls-tanked\\VC\SDL2-2.0.0\include" /ZI /nologo /W3 /WX- /Od /Oy- /D _CRT_SECURE_NO_WARNINGS /D WIN32 /D _DEBUG /D _WINDOWS /D _UNICODE /D UNICODE /Gm /EHsc /RTC1 /MDd /GS /fp:precise /Zc:wchar_t /Zc:forScope /Fo"Debug\\" /Fd"Debug\vc100.pdb" /FR"Debug\\" /Gd /TP /analyze- /errorReport:prompt DeferredRenderer.cpp
         DeferredRenderer.cpp
       Link:
         c:\Program Files (x86)\Microsoft Visual Studio 10.0\VC\bin\link.exe /ERRORREPORT:PROMPT /OUT:"V:\TankedCurrent\pauls-tanked\Debug\Tanked.exe" /INCREMENTAL /NOLOGO opengl32.lib glew32.lib SDL2.lib SDL2_ttf.lib SDL2main.lib FreeImage.lib assimp.lib fmodex_vc.lib kernel32.lib user32.lib gdi32.lib winspool.lib comdlg32.lib advapi32.lib shell32.lib ole32.lib oleaut32.lib uuid.lib odbc32.lib odbccp32.lib /NODEFAULTLIB:msvcrt.lib /MANIFEST /ManifestFile:"Debug\Tanked.exe.intermediate.manifest" /MANIFESTUAC:"level='asInvoker' uiAccess='false'" /DEBUG /PDB:"V:\TankedCurrent\pauls-tanked\Debug\Tanked.pdb" /SUBSYSTEM:CONSOLE /TLBID:1 /DYNAMICBASE /NXCOMPAT /IMPLIB:"V:\TankedCurrent\pauls-tanked\Debug\Tanked.lib" /MACHINE:X86 Debug\Tanked.res
         Debug\Tanked.exe.embed.manifest.res
         Debug\AIManager.obj
         Debug\AssetManager.obj
         Debug\AStarIterator.obj
         Debug\AudioSystem.obj
         Debug\AutoGun.obj
         Debug\BasicTankFactory.obj
         Debug\CameraNode.obj
         Debug\CollidableNode.obj
         Debug\CollisionPair.obj
         Debug\CollisionPairManager.obj
         Debug\CollisionQuadTree.obj
         Debug\CollisionResponse.obj
         Debug\CollisionSolver.obj
         Debug\Controller.obj
         Debug\CreditsMode.obj
         Debug\DefensiveUpgrade.obj
         Debug\DeferredRenderer.obj
         Debug\EnemyNode.obj
         Debug\FloorFactory.obj
         Debug\FloorNode.obj
         Debug\FrameBuffer.obj
         Debug\FrameCounter.obj
         Debug\Frustum.obj
         Debug\Game.obj
         Debug\GameMode.obj
         Debug\GaussianBlurShader.obj
         Debug\GBuffer.obj
         Debug\GeneralUtils.obj
         Debug\GeneratorDisplay.obj
         Debug\GFXElement.obj
         Debug\GLTestRender.obj
         Debug\HUD.obj
         Debug\IntroGameMode.obj
         Debug\LightNode.obj
         Debug\Locator.obj
         Debug\main.obj
         Debug\MainGameMode.obj
         Debug\MaterialNode.obj
         Debug\Maze.obj
         Debug\MenuMode.obj
         Debug\MeshNode.obj
         Debug\MobilityUpgrade.obj
         Debug\Notification.obj
         Debug\NotificationFactory.obj
         Debug\OffensiveUpgrade.obj
         Debug\ParticleSystem.obj
         Debug\ParticleSystemFactory.obj
         Debug\Plane.obj
         Debug\PointLightShader.obj
         Debug\PosIterator.obj
         Debug\Position.obj
         Debug\ProjectileNode.obj
         Debug\QTNode.obj
         Debug\Renderer.obj
         Debug\RoboGenFactory.obj
         Debug\Robot.obj
         Debug\RobotArm.obj
         Debug\RobotGenerator.obj
         Debug\RobotHead.obj
         Debug\Scene.obj
         Debug\SceneNode.obj
         Debug\Score.obj
         Debug\Shader.obj
         Debug\ShieldGauge.obj
         Debug\ShopMode.obj
         Debug\SpotLight.obj
         Debug\SpotLightShader.obj
         Debug\TestTankNode.obj
         Debug\TextElement.obj
         Debug\TextureNode.obj
         Debug\TransformNode.obj
         Debug\TurretNode.obj
         Debug\UIElement.obj
         Debug\UIWindow.obj
         Debug\UpgradableTank.obj
         Debug\UpgradeFactory.obj
         Debug\UpgradeNode.obj
         Debug\WallFactory.obj
         Debug\WallNode.obj
         Debug\WeaponGauge.obj
       Manifest:
         C:\Program Files (x86)\Microsoft SDKs\Windows\v7.0A\bin\mt.exe /nologo /verbose /out:"Debug\Tanked.exe.embed.manifest" /manifest Debug\Tanked.exe.intermediate.manifest
       LinkEmbedManifest:
         Voxworld.vcxproj -> V:\TankedCurrent\pauls-tanked\Debug\Tanked.exe
       BscMake:
         c:\Program Files (x86)\Microsoft Visual Studio 10.0\VC\bin\bscmake.exe /nologo /o"V:\TankedCurrent\pauls-tanked\Debug\Tanked.bsc" /n Debug\AIManager.sbr Debug\AssetManager.sbr Debug\AStarIterator.sbr Debug\AudioSystem.sbr Debug\AutoGun.sbr Debug\BasicTankFactory.sbr Debug\CameraNode.sbr Debug\CollidableNode.sbr Debug\CollisionPair.sbr Debug\CollisionPairManager.sbr Debug\CollisionQuadTree.sbr Debug\CollisionResponse.sbr Debug\CollisionSolver.sbr Debug\Controller.sbr Debug\CreditsMode.sbr Debug\DefensiveUpgrade.sbr Debug\DeferredRenderer.sbr Debug\EnemyNode.sbr Debug\FloorFactory.sbr Debug\FloorNode.sbr Debug\FrameBuffer.sbr Debug\FrameCounter.sbr Debug\Frustum.sbr Debug\Game.sbr Debug\GameMode.sbr Debug\GaussianBlurShader.sbr Debug\GBuffer.sbr Debug\GeneralUtils.sbr Debug\GeneratorDisplay.sbr Debug\GFXElement.sbr Debug\GLTestRender.sbr Debug\HUD.sbr Debug\IntroGameMode.sbr Debug\LightNode.sbr Debug\Locator.sbr Debug\main.sbr Debug\MainGameMode.sbr Debug\MaterialNode.sbr Debug\Maze.sbr Debug\MenuMode.sbr Debug\MeshNode.sbr Debug\MobilityUpgrade.sbr Debug\Notification.sbr Debug\NotificationFactory.sbr Debug\OffensiveUpgrade.sbr Debug\ParticleSystem.sbr Debug\ParticleSystemFactory.sbr Debug\Plane.sbr Debug\PointLightShader.sbr Debug\PosIterator.sbr Debug\Position.sbr Debug\ProjectileNode.sbr Debug\QTNode.sbr Debug\Renderer.sbr Debug\RoboGenFactory.sbr Debug\Robot.sbr Debug\RobotArm.sbr Debug\RobotGenerator.sbr Debug\RobotHead.sbr Debug\Scene.sbr Debug\SceneNode.sbr Debug\Score.sbr Debug\Shader.sbr Debug\ShieldGauge.sbr Debug\ShopMode.sbr Debug\SpotLight.sbr Debug\SpotLightShader.sbr Debug\TestTankNode.sbr Debug\TextElement.sbr Debug\TextureNode.sbr Debug\TransformNode.sbr Debug\TurretNode.sbr Debug\UIElement.sbr Debug\UIWindow.sbr Debug\UpgradableTank.sbr Debug\UpgradeFactory.sbr Debug\UpgradeNode.sbr Debug\WallFactory.sbr Debug\WallNode.sbr Debug\WeaponGauge.sbr
     1>Done Building Project "V:\TankedCurrent\pauls-tanked\Voxworld\Voxworld.vcxproj" (Build target(s)).

Build succeeded.

Time Elapsed 00:00:10.11
